c:\users\fk\documents\visual studio 2013\projects\cg\cg\debug\cg.pch
c:\users\fk\documents\visual studio 2013\projects\cg\cg\debug\vc120.pdb
c:\users\fk\documents\visual studio 2013\projects\cg\cg\debug\vc120.idb
c:\users\fk\documents\visual studio 2013\projects\cg\cg\debug\stdafx.obj
c:\users\fk\documents\visual studio 2013\projects\cg\cg\debug\cg.obj
c:\users\fk\documents\visual studio 2013\projects\cg\cg\debug\cgdlg.obj
c:\users\fk\documents\visual studio 2013\projects\cg\cg\debug\circle.obj
c:\users\fk\documents\visual studio 2013\projects\cg\cg\debug\cube.obj
c:\users\fk\documents\visual studio 2013\projects\cg\cg\debug\curve.obj
c:\users\fk\documents\visual studio 2013\projects\cg\cg\debug\ellipse.obj
c:\users\fk\documents\visual studio 2013\projects\cg\cg\debug\line.obj
c:\users\fk\documents\visual studio 2013\projects\cg\cg\debug\movedlg.obj
c:\users\fk\documents\visual studio 2013\projects\cg\cg\debug\polygon.obj
c:\users\fk\documents\visual studio 2013\projects\cg\cg\debug\rotatedlg.obj
c:\users\fk\documents\visual studio 2013\projects\cg\cg\debug\scaledlg.obj
c:\users\fk\documents\visual studio 2013\projects\cg\debug\cg.ilk
c:\users\fk\documents\visual studio 2013\projects\cg\debug\cg.exe
c:\users\fk\documents\visual studio 2013\projects\cg\debug\cg.pdb
c:\users\fk\documents\visual studio 2013\projects\cg\cg\debug\cg.res
c:\users\fk\documents\visual studio 2013\projects\cg\cg\debug\cg.tlog\cl.command.1.tlog
c:\users\fk\documents\visual studio 2013\projects\cg\cg\debug\cg.tlog\cl.read.1.tlog
c:\users\fk\documents\visual studio 2013\projects\cg\cg\debug\cg.tlog\cl.write.1.tlog
c:\users\fk\documents\visual studio 2013\projects\cg\cg\debug\cg.tlog\link.command.1.tlog
c:\users\fk\documents\visual studio 2013\projects\cg\cg\debug\cg.tlog\link.read.1.tlog
c:\users\fk\documents\visual studio 2013\projects\cg\cg\debug\cg.tlog\link.write.1.tlog
c:\users\fk\documents\visual studio 2013\projects\cg\cg\debug\cg.tlog\rc.command.1.tlog
c:\users\fk\documents\visual studio 2013\projects\cg\cg\debug\cg.tlog\rc.read.1.tlog
c:\users\fk\documents\visual studio 2013\projects\cg\cg\debug\cg.tlog\rc.write.1.tlog
